<?xml version="1.0" encoding="UTF-8"?>
<!-- Generated by org.testng.reporters.JUnitReportReporter -->
<testsuite skipped="0" hostname="RMM-LT-654" name="org.continuum.framework.testcases.TC0006" tests="1" failures="0" timestamp="05 May 2019 05:54:02 GMT" time="47.467" errors="0">
  <testcase name="tC0006" time="47.467" classname="org.continuum.framework.testcases.TC0006"/>
</testsuite> <!-- org.continuum.framework.testcases.TC0006 -->
