<?xml version="1.0" encoding="UTF-8"?>
<!-- Generated by org.testng.reporters.JUnitReportReporter -->
<testsuite skipped="0" hostname="RMM-LT-654" name="org.continuum.framework.testcases.TC0005" tests="3" failures="0" timestamp="05 May 2019 05:54:02 GMT" time="61.956" errors="0">
  <testcase name="tC0005" time="23.176" classname="org.continuum.framework.testcases.TC0005"/>
  <testcase name="tC0005" time="15.313" classname="org.continuum.framework.testcases.TC0005"/>
  <testcase name="tC0005" time="23.467" classname="org.continuum.framework.testcases.TC0005"/>
</testsuite> <!-- org.continuum.framework.testcases.TC0005 -->
