<?xml version="1.0" encoding="UTF-8"?>
<!-- Generated by org.testng.reporters.JUnitReportReporter -->
<testsuite skipped="1" hostname="RMM-LT-654" name="org.continuum.framework.testcases.TC0005" tests="1" failures="0" timestamp="10 May 2019 05:35:50 GMT" time="0.000" errors="0">
  <testcase name="tC0005" time="0.000" classname="org.continuum.framework.testcases.TC0005">
    <skipped/>
  </testcase> <!-- tC0005 -->
</testsuite> <!-- org.continuum.framework.testcases.TC0005 -->
